<?xml version="1.0" encoding="UTF-8"?>
<!-- Generated by org.testng.reporters.JUnitReportReporter -->
<testsuite hostname="LAPTOP-I3T5M93D" failures="0" tests="1" name="testNGParallelExection.TestNg2" time="0.007" errors="0" timestamp="2023-01-24T14:30:03 IST" skipped="0">
  <testcase classname="testNGParallelExection.TestNg2" name="f" time="0.007"/>
  <system-out/>
</testsuite> <!-- testNGParallelExection.TestNg2 -->
