<?xml version="1.0" encoding="UTF-8"?>
<!-- Generated by org.testng.reporters.JUnitReportReporter -->
<testsuite hostname="LAPTOP-I3T5M93D" failures="0" tests="3" name="testNGPack.Remo" time="0.009" errors="0" timestamp="2023-01-19T15:23:11 IST" skipped="0">
  <testcase classname="testNGPack.Remo" name="remo2" time="0.002"/>
  <system-out>
    <![CDATA[this is method of remo2!!]]>
  </system-out>
  <testcase classname="testNGPack.Remo" name="remo1" time="0.005"/>
  <system-out>
    <![CDATA[this is remo1 method!!]]>
  </system-out>
  <testcase classname="testNGPack.Remo" name="remo" time="0.002"/>
  <system-out>
    <![CDATA[This is method of demo class!!]]>
  </system-out>
</testsuite> <!-- testNGPack.Remo -->
