<?xml version="1.0" encoding="UTF-8"?>
<!-- Generated by org.testng.reporters.JUnitReportReporter -->
<testsuite hostname="LAPTOP-I3T5M93D" failures="0" tests="1" name="testNGPack.Demo" time="0.013" errors="0" timestamp="2023-01-20T11:51:29 IST" skipped="0">
  <testcase classname="testNGPack.Demo" name="demo2" time="0.013"/>
  <system-out>
    <![CDATA[this is method of demo2]]>
  </system-out>
</testsuite> <!-- testNGPack.Demo -->
