<?xml version="1.0" encoding="UTF-8"?>
<!-- Generated by org.testng.reporters.JUnitReportReporter -->
<testsuite hostname="LAPTOP-I3T5M93D" failures="0" tests="3" name="testNGPack.Sumo" time="0.013" errors="0" timestamp="2023-01-19T15:23:11 IST" skipped="0">
  <testcase classname="testNGPack.Sumo" name="sumo" time="0.006"/>
  <system-out>
    <![CDATA[This is method of sumo class!!]]>
  </system-out>
  <testcase classname="testNGPack.Sumo" name="sumo2" time="0.002"/>
  <system-out>
    <![CDATA[this is method of sumo2!!]]>
  </system-out>
  <testcase classname="testNGPack.Sumo" name="sumo1" time="0.005"/>
  <system-out>
    <![CDATA[this is sumo1 method!!]]>
  </system-out>
</testsuite> <!-- testNGPack.Sumo -->
