<?xml version="1.0" encoding="UTF-8"?>
<!-- Generated by org.testng.reporters.JUnitReportReporter -->
<testsuite hostname="LAPTOP-I3T5M93D" failures="0" tests="1" name="testNGPack1.NoAnnotation" time="0.029" errors="0" timestamp="2023-01-20T15:17:10 IST" skipped="0">
  <testcase classname="testNGPack1.NoAnnotation" name="test" time="0.029"/>
  <system-out>
    <![CDATA[@Test Annotation]]>
  </system-out>
</testsuite> <!-- testNGPack1.NoAnnotation -->
