<?xml version="1.0" encoding="UTF-8"?>
<!-- Generated by org.testng.reporters.JUnitReportReporter -->
<testsuite hostname="LAPTOP-I3T5M93D" failures="0" tests="7" name="testNGPack1.PriorityClass" time="0.033" errors="0" timestamp="2023-01-21T14:22:33 IST" skipped="0">
  <testcase classname="testNGPack1.PriorityClass" name="p" time="0.011"/>
  <system-out>
    <![CDATA[p]]>
  </system-out>
  <testcase classname="testNGPack1.PriorityClass" name="h" time="0.003"/>
  <system-out>
    <![CDATA[h]]>
  </system-out>
  <testcase classname="testNGPack1.PriorityClass" name="a" time="0.005"/>
  <system-out>
    <![CDATA[z]]>
  </system-out>
  <testcase classname="testNGPack1.PriorityClass" name="g" time="0.005"/>
  <system-out>
    <![CDATA[g]]>
  </system-out>
  <testcase classname="testNGPack1.PriorityClass" name="z" time="0.002"/>
  <system-out>
    <![CDATA[z]]>
  </system-out>
  <testcase classname="testNGPack1.PriorityClass" name="b" time="0.003"/>
  <system-out>
    <![CDATA[b]]>
  </system-out>
  <testcase classname="testNGPack1.PriorityClass" name="m" time="0.004"/>
  <system-out>
    <![CDATA[m]]>
  </system-out>
</testsuite> <!-- testNGPack1.PriorityClass -->
