<?xml version="1.0" encoding="UTF-8"?>
<!-- Generated by org.testng.reporters.JUnitReportReporter -->
<testsuite hostname="LAPTOP-I3T5M93D" failures="0" tests="1" name="testNGPack1.Flag4" time="0.011" errors="0" timestamp="2023-01-20T14:53:19 IST" skipped="0">
  <testcase classname="testNGPack1.Flag4" name="logInMethod" time="0.011"/>
  <system-out>
    <![CDATA[LOg In is Done]]>
  </system-out>
</testsuite> <!-- testNGPack1.Flag4 -->
