<?xml version="1.0" encoding="UTF-8"?>
<!-- Generated by org.testng.reporters.JUnitReportReporter -->
<testsuite hostname="LAPTOP-I3T5M93D" failures="0" tests="12" name="testNGPack1.Flag6" time="0.063" errors="0" timestamp="2023-01-23T13:38:56 IST" skipped="0">
  <testcase classname="testNGPack1.Flag6" name="it2" time="0.003"/>
  <system-out>
    <![CDATA[Integration Testin2]]>
  </system-out>
  <testcase classname="testNGPack1.Flag6" name="it6" time="0.002"/>
  <system-out>
    <![CDATA[Integration Testin6]]>
  </system-out>
  <testcase classname="testNGPack1.Flag6" name="it1" time="0.024"/>
  <system-out>
    <![CDATA[Integration Testin1]]>
  </system-out>
  <testcase classname="testNGPack1.Flag6" name="st2" time="0.010"/>
  <system-out>
    <![CDATA[System Testin2]]>
  </system-out>
  <testcase classname="testNGPack1.Flag6" name="st3" time="0.002"/>
  <system-out>
    <![CDATA[System Testin1]]>
  </system-out>
  <testcase classname="testNGPack1.Flag6" name="st4" time="0.005"/>
  <system-out>
    <![CDATA[System Testin4]]>
  </system-out>
  <testcase classname="testNGPack1.Flag6" name="st6" time="0.004"/>
  <system-out>
    <![CDATA[System Testin6]]>
  </system-out>
  <testcase classname="testNGPack1.Flag6" name="it5" time="0.001"/>
  <system-out>
    <![CDATA[Integration Testin5]]>
  </system-out>
  <testcase classname="testNGPack1.Flag6" name="st5" time="0.003"/>
  <system-out>
    <![CDATA[System Testin5]]>
  </system-out>
  <testcase classname="testNGPack1.Flag6" name="st1" time="0.003"/>
  <system-out>
    <![CDATA[System Testin1]]>
  </system-out>
  <testcase classname="testNGPack1.Flag6" name="it3" time="0.001"/>
  <system-out>
    <![CDATA[Integration Testin3]]>
  </system-out>
  <testcase classname="testNGPack1.Flag6" name="it4" time="0.005"/>
  <system-out>
    <![CDATA[Integration Testin4]]>
  </system-out>
</testsuite> <!-- testNGPack1.Flag6 -->
