<?xml version="1.0" encoding="UTF-8"?>
<!-- Generated by org.testng.reporters.JUnitReportReporter -->
<testsuite hostname="LAPTOP-I3T5M93D" failures="0" tests="1" name="testNGPack1.Class2" time="9.969" errors="0" timestamp="2023-01-20T14:36:14 IST" skipped="0">
  <testcase classname="testNGPack1.Class2" name="mt" time="9.969"/>
  <system-out/>
</testsuite> <!-- testNGPack1.Class2 -->
