<?xml version="1.0" encoding="UTF-8"?>
<!-- Generated by org.testng.reporters.JUnitReportReporter -->
<testsuite hostname="LAPTOP-I3T5M93D" failures="0" tests="1" name="testNGPack1.Class1" time="7.260" errors="0" timestamp="2023-01-26T14:58:08 IST" skipped="0">
  <testcase classname="testNGPack1.Class1" name="sql" time="7.260"/>
  <system-out>
    <![CDATA[method of sql]]>
  </system-out>
</testsuite> <!-- testNGPack1.Class1 -->
