<?xml version="1.0" encoding="UTF-8"?>
<!-- Generated by org.testng.reporters.JUnitReportReporter -->
<testsuite hostname="LAPTOP-I3T5M93D" failures="0" tests="1" name="testNGParallelExection.TestNg4" time="0.015" errors="0" timestamp="2023-01-27T00:03:20 IST" skipped="0">
  <testcase classname="testNGParallelExection.TestNg4" name="f" time="0.015"/>
  <system-out/>
</testsuite> <!-- testNGParallelExection.TestNg4 -->
