<?xml version="1.0" encoding="UTF-8"?>
<!-- Generated by org.testng.reporters.JUnitReportReporter -->
<testsuite hostname="LAPTOP-I3T5M93D" failures="0" tests="1" name="testNGPack1.Class4" time="10.563" errors="0" timestamp="2023-01-20T14:36:14 IST" skipped="0">
  <testcase classname="testNGPack1.Class4" name="automation" time="10.563"/>
  <system-out/>
</testsuite> <!-- testNGPack1.Class4 -->
